<!DOCTYPE html PUBLIC "-//W3C//DTD XHTML 1.1//EN" "http://www.w3.org/TR/xhtml11/DTD/xhtml11.dtd">
<html xmlns="http://www.w3.org/1999/xhtml"><head><title>TestNG Report</title><style type="text/css">table {margin-bottom:10px;border-collapse:collapse;empty-cells:show}th,td {border:1px solid #009;padding:.25em .5em}th {vertical-align:bottom}td {vertical-align:top}table a {font-weight:bold}.stripe td {background-color: #E6EBF9}.num {text-align:right}.passedodd td {background-color: #3F3}.passedeven td {background-color: #0A0}.skippedodd td {background-color: #DDD}.skippedeven td {background-color: #CCC}.failedodd td,.attn {background-color: #F33}.failedeven td,.stripe .attn {background-color: #D00}.stacktrace {white-space:pre;font-family:monospace}.totop {font-size:85%;text-align:center;border-bottom:2px solid #000}</style></head><body><table><tr><th>Test</th><th># Passed</th><th># Skipped</th><th># Failed</th><th>Time (ms)</th><th>Included Groups</th><th>Excluded Groups</th></tr><tr><th colspan="7">ENVESTNET Project</th></tr><tr><td><a href="#t0">End To End Deployment</a></td><td class="num">0</td><td class="num">0</td><td class="num attn">1</td><td class="num">89,637</td><td></td><td></td></tr></table><table><thead><tr><th>Class</th><th>Method</th><th>Start</th><th>Time (ms)</th></tr></thead><tbody><tr><th colspan="4">ENVESTNET Project</th></tr></tbody><tbody id="t0"><tr><th colspan="4">End To End Deployment &#8212; failed</th></tr><tr class="failedeven"><td rowspan="1">runner.RunCukes</td><td><a href="#m0">feature</a></td><td rowspan="1">1521137455103</td><td rowspan="1">88250</td></tr></tbody></table><h2>End To End Deployment</h2><h3 id="m0">runner.RunCukes#feature</h3><table class="result"><tr class="param"><th>Parameter #1</th></tr><tr class="param stripe"><td>CNet Global EndToEndDeployment Scenario</td></tr><tr><th>Exception</th></tr><tr><td><div class="stacktrace">cucumber.runtime.CucumberException: org.openqa.selenium.WebDriverException: unknown error: Element &lt;a title=&quot;Lookup using list&quot; class=&quot;btn btn-default sc-btn-default&quot; id=&quot;lookup.IO:01c77d49dbf00300a68fda11cf961954&quot; tabindex=&quot;-1&quot; onclick=&quot;mousePositionSave(event);reflistOpen( &apos;IO:01c77d49dbf00300a68fda11cf961954&apos;, &apos;not&apos;, gel(&apos;IO:01c77d49dbf00300a68fda11cf961954TABLE&apos;).value, &apos;&apos;, &apos;false&apos;, &apos;true&apos;, &apos;&apos;, &apos;&apos;)&quot; data-original-title=&quot;Lookup using list&quot;&gt;...&lt;/a&gt; is not clickable at point (597, 145). Other element would receive the click: &lt;label for=&quot;sys_readonly.cmdb_ci_spkg.version&quot; dir=&quot;ltr&quot; class=&quot; col-xs-4 control-label&quot; onclick=&quot;return labelClicked(this);&quot;&gt;...&lt;/label&gt;
  (Session info: chrome=64.0.3282.186)
  (Driver info: chromedriver=2.33.506120 (e3e53437346286c0bc2d2dc9aa4915ba81d9023f),platform=Windows NT 10.0.10586 x86_64) (WARNING: The server did not provide any stacktrace information)
Command duration or timeout: 0 milliseconds
Build info: version: &apos;3.8.1&apos;, revision: &apos;6e95a6684b&apos;, time: &apos;2017-12-01T18:33:54.468Z&apos;
System info: host: &apos;DESKTOP-QQACKJ4&apos;, ip: &apos;192.168.10.249&apos;, os.name: &apos;Windows 10&apos;, os.arch: &apos;amd64&apos;, os.version: &apos;10.0&apos;, java.version: &apos;1.8.0_131&apos;
Driver info: org.openqa.selenium.chrome.ChromeDriver
Capabilities {acceptSslCerts: true, applicationCacheEnabled: false, browserConnectionEnabled: false, browserName: chrome, chrome: {chromedriverVersion: 2.33.506120 (e3e53437346286..., userDataDir: C:\Users\Maneesh\AppData\Lo...}, cssSelectorsEnabled: true, databaseEnabled: false, handlesAlerts: true, hasTouchScreen: false, javascriptEnabled: true, locationContextEnabled: true, mobileEmulationEnabled: false, nativeEvents: true, networkConnectionEnabled: false, pageLoadStrategy: normal, platform: XP, platformName: XP, rotatable: false, setWindowRect: true, takesHeapSnapshot: true, takesScreenshot: true, unexpectedAlertBehaviour: , unhandledPromptBehavior: , version: 64.0.3282.186, webStorageEnabled: true}
Session ID: 4fa800322d6192f4f5ab261e69b8da05
	at cucumber.api.testng.TestNGCucumberRunner.runCucumber(TestNGCucumberRunner.java:69)
	at cucumber.api.testng.AbstractTestNGCucumberTests.feature(AbstractTestNGCucumberTests.java:21)
Caused by: org.openqa.selenium.WebDriverException: unknown error: Element &lt;a title=&quot;Lookup using list&quot; class=&quot;btn btn-default sc-btn-default&quot; id=&quot;lookup.IO:01c77d49dbf00300a68fda11cf961954&quot; tabindex=&quot;-1&quot; onclick=&quot;mousePositionSave(event);reflistOpen( &apos;IO:01c77d49dbf00300a68fda11cf961954&apos;, &apos;not&apos;, gel(&apos;IO:01c77d49dbf00300a68fda11cf961954TABLE&apos;).value, &apos;&apos;, &apos;false&apos;, &apos;true&apos;, &apos;&apos;, &apos;&apos;)&quot; data-original-title=&quot;Lookup using list&quot;&gt;...&lt;/a&gt; is not clickable at point (597, 145). Other element would receive the click: &lt;label for=&quot;sys_readonly.cmdb_ci_spkg.version&quot; dir=&quot;ltr&quot; class=&quot; col-xs-4 control-label&quot; onclick=&quot;return labelClicked(this);&quot;&gt;...&lt;/label&gt;
  (Session info: chrome=64.0.3282.186)
  (Driver info: chromedriver=2.33.506120 (e3e53437346286c0bc2d2dc9aa4915ba81d9023f),platform=Windows NT 10.0.10586 x86_64) (WARNING: The server did not provide any stacktrace information)
Command duration or timeout: 0 milliseconds
Build info: version: &apos;3.8.1&apos;, revision: &apos;6e95a6684b&apos;, time: &apos;2017-12-01T18:33:54.468Z&apos;
System info: host: &apos;DESKTOP-QQACKJ4&apos;, ip: &apos;192.168.10.249&apos;, os.name: &apos;Windows 10&apos;, os.arch: &apos;amd64&apos;, os.version: &apos;10.0&apos;, java.version: &apos;1.8.0_131&apos;
Driver info: org.openqa.selenium.chrome.ChromeDriver
Capabilities {acceptSslCerts: true, applicationCacheEnabled: false, browserConnectionEnabled: false, browserName: chrome, chrome: {chromedriverVersion: 2.33.506120 (e3e53437346286..., userDataDir: C:\Users\Maneesh\AppData\Lo...}, cssSelectorsEnabled: true, databaseEnabled: false, handlesAlerts: true, hasTouchScreen: false, javascriptEnabled: true, locationContextEnabled: true, mobileEmulationEnabled: false, nativeEvents: true, networkConnectionEnabled: false, pageLoadStrategy: normal, platform: XP, platformName: XP, rotatable: false, setWindowRect: true, takesHeapSnapshot: true, takesScreenshot: true, unexpectedAlertBehaviour: , unhandledPromptBehavior: , version: 64.0.3282.186, webStorageEnabled: true}
Session ID: 4fa800322d6192f4f5ab261e69b8da05
	at org.openqa.selenium.remote.ErrorHandler.createThrowable(ErrorHandler.java:214)
	at org.openqa.selenium.remote.ErrorHandler.throwIfResponseFailed(ErrorHandler.java:166)
	at org.openqa.selenium.remote.http.JsonHttpResponseCodec.reconstructValue(JsonHttpResponseCodec.java:40)
	at org.openqa.selenium.remote.http.AbstractHttpResponseCodec.decode(AbstractHttpResponseCodec.java:80)
	at org.openqa.selenium.remote.http.AbstractHttpResponseCodec.decode(AbstractHttpResponseCodec.java:44)
	at org.openqa.selenium.remote.HttpCommandExecutor.execute(HttpCommandExecutor.java:164)
	at org.openqa.selenium.remote.service.DriverCommandExecutor.execute(DriverCommandExecutor.java:83)
	at org.openqa.selenium.remote.RemoteWebDriver.execute(RemoteWebDriver.java:601)
	at org.openqa.selenium.remote.RemoteWebElement.execute(RemoteWebElement.java:279)
	at org.openqa.selenium.remote.RemoteWebElement.click(RemoteWebElement.java:83)
	at org.openqa.selenium.support.pagefactory.internal.LocatingElementHandler.invoke(LocatingElementHandler.java:51)
	at com.sun.proxy.$Proxy18.click(Unknown Source)
	at steps.EndToEndDeploymentSteps.click_On_Server_Size(EndToEndDeploymentSteps.java:502)
	at ?.When Click On Server Size LookUP(EndToEndDeployment.feature:55)
... Removed 34 stack frames</div></td></tr></table><p class="totop"><a href="#summary">back to summary</a></p></body></html>