<?xml version="1.0" encoding="UTF-8"?>
<!-- Generated by org.testng.reporters.JUnitXMLReporter -->
<testsuite hostname="DESKTOP-QQACKJ4" name="End To End Deployment" tests="1" failures="1" timestamp="15 Mar 2018 18:12:24 GMT" time="89.637" errors="0">
  <testcase name="feature" time="88.25" classname="runner.RunCukes">
    <failure type="cucumber.runtime.CucumberException" message="org.openqa.selenium.WebDriverException: unknown error: Element &amp;lt;a title=&amp;quot;Lookup using list&amp;quot; class=&amp;quot;btn btn-default sc-btn-default&amp;quot; id=&amp;quot;lookup.IO:01c77d49dbf00300a68fda11cf961954&amp;quot; tabindex=&amp;quot;-1&amp;quot; onclick=&amp;quot;mousePositionSave(event);reflistOpen( &amp;apos;IO:01c77d49dbf00300a68fda11cf961954&amp;apos;, &amp;apos;not&amp;apos;, gel(&amp;apos;IO:01c77d49dbf00300a68fda11cf961954TABLE&amp;apos;).value, &amp;apos;&amp;apos;, &amp;apos;false&amp;apos;, &amp;apos;true&amp;apos;, &amp;apos;&amp;apos;, &amp;apos;&amp;apos;)&amp;quot; data-original-title=&amp;quot;Lookup using list&amp;quot;&amp;gt;...&amp;lt;/a&amp;gt; is not clickable at point (597, 145). Other element would receive the click: &amp;lt;label for=&amp;quot;sys_readonly.cmdb_ci_spkg.version&amp;quot; dir=&amp;quot;ltr&amp;quot; class=&amp;quot; col-xs-4 control-label&amp;quot; onclick=&amp;quot;return labelClicked(this);&amp;quot;&amp;gt;...&amp;lt;/label&amp;gt;
  (Session info: chrome=64.0.3282.186)
  (Driver info: chromedriver=2.33.506120 (e3e53437346286c0bc2d2dc9aa4915ba81d9023f),platform=Windows NT 10.0.10586 x86_64) (WARNING: The server did not provide any stacktrace information)
Command duration or timeout: 0 milliseconds
Build info: version: &amp;apos;3.8.1&amp;apos;, revision: &amp;apos;6e95a6684b&amp;apos;, time: &amp;apos;2017-12-01T18:33:54.468Z&amp;apos;
System info: host: &amp;apos;DESKTOP-QQACKJ4&amp;apos;, ip: &amp;apos;192.168.10.249&amp;apos;, os.name: &amp;apos;Windows 10&amp;apos;, os.arch: &amp;apos;amd64&amp;apos;, os.version: &amp;apos;10.0&amp;apos;, java.version: &amp;apos;1.8.0_131&amp;apos;
Driver info: org.openqa.selenium.chrome.ChromeDriver
Capabilities {acceptSslCerts: true, applicationCacheEnabled: false, browserConnectionEnabled: false, browserName: chrome, chrome: {chromedriverVersion: 2.33.506120 (e3e53437346286..., userDataDir: C:\Users\Maneesh\AppData\Lo...}, cssSelectorsEnabled: true, databaseEnabled: false, handlesAlerts: true, hasTouchScreen: false, javascriptEnabled: true, locationContextEnabled: true, mobileEmulationEnabled: false, nativeEvents: true, networkConnectionEnabled: false, pageLoadStrategy: normal, platform: XP, platformName: XP, rotatable: false, setWindowRect: true, takesHeapSnapshot: true, takesScreenshot: true, unexpectedAlertBehaviour: , unhandledPromptBehavior: , version: 64.0.3282.186, webStorageEnabled: true}
Session ID: 4fa800322d6192f4f5ab261e69b8da05">
      <![CDATA[cucumber.runtime.CucumberException: org.openqa.selenium.WebDriverException: unknown error: Element <a title="Lookup using list" class="btn btn-default sc-btn-default" id="lookup.IO:01c77d49dbf00300a68fda11cf961954" tabindex="-1" onclick="mousePositionSave(event);reflistOpen( 'IO:01c77d49dbf00300a68fda11cf961954', 'not', gel('IO:01c77d49dbf00300a68fda11cf961954TABLE').value, '', 'false', 'true', '', '')" data-original-title="Lookup using list">...</a> is not clickable at point (597, 145). Other element would receive the click: <label for="sys_readonly.cmdb_ci_spkg.version" dir="ltr" class=" col-xs-4 control-label" onclick="return labelClicked(this);">...</label>
  (Session info: chrome=64.0.3282.186)
  (Driver info: chromedriver=2.33.506120 (e3e53437346286c0bc2d2dc9aa4915ba81d9023f),platform=Windows NT 10.0.10586 x86_64) (WARNING: The server did not provide any stacktrace information)
Command duration or timeout: 0 milliseconds
Build info: version: '3.8.1', revision: '6e95a6684b', time: '2017-12-01T18:33:54.468Z'
System info: host: 'DESKTOP-QQACKJ4', ip: '192.168.10.249', os.name: 'Windows 10', os.arch: 'amd64', os.version: '10.0', java.version: '1.8.0_131'
Driver info: org.openqa.selenium.chrome.ChromeDriver
Capabilities {acceptSslCerts: true, applicationCacheEnabled: false, browserConnectionEnabled: false, browserName: chrome, chrome: {chromedriverVersion: 2.33.506120 (e3e53437346286..., userDataDir: C:\Users\Maneesh\AppData\Lo...}, cssSelectorsEnabled: true, databaseEnabled: false, handlesAlerts: true, hasTouchScreen: false, javascriptEnabled: true, locationContextEnabled: true, mobileEmulationEnabled: false, nativeEvents: true, networkConnectionEnabled: false, pageLoadStrategy: normal, platform: XP, platformName: XP, rotatable: false, setWindowRect: true, takesHeapSnapshot: true, takesScreenshot: true, unexpectedAlertBehaviour: , unhandledPromptBehavior: , version: 64.0.3282.186, webStorageEnabled: true}
Session ID: 4fa800322d6192f4f5ab261e69b8da05
	at cucumber.api.testng.TestNGCucumberRunner.runCucumber(TestNGCucumberRunner.java:69)
	at cucumber.api.testng.AbstractTestNGCucumberTests.feature(AbstractTestNGCucumberTests.java:21)
Caused by: org.openqa.selenium.WebDriverException: unknown error: Element <a title="Lookup using list" class="btn btn-default sc-btn-default" id="lookup.IO:01c77d49dbf00300a68fda11cf961954" tabindex="-1" onclick="mousePositionSave(event);reflistOpen( 'IO:01c77d49dbf00300a68fda11cf961954', 'not', gel('IO:01c77d49dbf00300a68fda11cf961954TABLE').value, '', 'false', 'true', '', '')" data-original-title="Lookup using list">...</a> is not clickable at point (597, 145). Other element would receive the click: <label for="sys_readonly.cmdb_ci_spkg.version" dir="ltr" class=" col-xs-4 control-label" onclick="return labelClicked(this);">...</label>
  (Session info: chrome=64.0.3282.186)
  (Driver info: chromedriver=2.33.506120 (e3e53437346286c0bc2d2dc9aa4915ba81d9023f),platform=Windows NT 10.0.10586 x86_64) (WARNING: The server did not provide any stacktrace information)
Command duration or timeout: 0 milliseconds
Build info: version: '3.8.1', revision: '6e95a6684b', time: '2017-12-01T18:33:54.468Z'
System info: host: 'DESKTOP-QQACKJ4', ip: '192.168.10.249', os.name: 'Windows 10', os.arch: 'amd64', os.version: '10.0', java.version: '1.8.0_131'
Driver info: org.openqa.selenium.chrome.ChromeDriver
Capabilities {acceptSslCerts: true, applicationCacheEnabled: false, browserConnectionEnabled: false, browserName: chrome, chrome: {chromedriverVersion: 2.33.506120 (e3e53437346286..., userDataDir: C:\Users\Maneesh\AppData\Lo...}, cssSelectorsEnabled: true, databaseEnabled: false, handlesAlerts: true, hasTouchScreen: false, javascriptEnabled: true, locationContextEnabled: true, mobileEmulationEnabled: false, nativeEvents: true, networkConnectionEnabled: false, pageLoadStrategy: normal, platform: XP, platformName: XP, rotatable: false, setWindowRect: true, takesHeapSnapshot: true, takesScreenshot: true, unexpectedAlertBehaviour: , unhandledPromptBehavior: , version: 64.0.3282.186, webStorageEnabled: true}
Session ID: 4fa800322d6192f4f5ab261e69b8da05
	at org.openqa.selenium.remote.ErrorHandler.createThrowable(ErrorHandler.java:214)
	at org.openqa.selenium.remote.ErrorHandler.throwIfResponseFailed(ErrorHandler.java:166)
	at org.openqa.selenium.remote.http.JsonHttpResponseCodec.reconstructValue(JsonHttpResponseCodec.java:40)
	at org.openqa.selenium.remote.http.AbstractHttpResponseCodec.decode(AbstractHttpResponseCodec.java:80)
	at org.openqa.selenium.remote.http.AbstractHttpResponseCodec.decode(AbstractHttpResponseCodec.java:44)
	at org.openqa.selenium.remote.HttpCommandExecutor.execute(HttpCommandExecutor.java:164)
	at org.openqa.selenium.remote.service.DriverCommandExecutor.execute(DriverCommandExecutor.java:83)
	at org.openqa.selenium.remote.RemoteWebDriver.execute(RemoteWebDriver.java:601)
	at org.openqa.selenium.remote.RemoteWebElement.execute(RemoteWebElement.java:279)
	at org.openqa.selenium.remote.RemoteWebElement.click(RemoteWebElement.java:83)
	at org.openqa.selenium.support.pagefactory.internal.LocatingElementHandler.invoke(LocatingElementHandler.java:51)
	at com.sun.proxy.$Proxy18.click(Unknown Source)
	at steps.EndToEndDeploymentSteps.click_On_Server_Size(EndToEndDeploymentSteps.java:502)
	at âœ½.When Click On Server Size LookUP(EndToEndDeployment.feature:55)
... Removed 34 stack frames]]>
    </failure>
  </testcase> <!-- feature -->
</testsuite> <!-- End To End Deployment -->
